<?xml version="1.0" encoding="UTF-8"?>
<testng-results total="1" passed="1" failed="0" skipped="0">
  <reporter-output>
  </reporter-output>
  <suite started-at="2020-12-24T07:40:16Z" name="CSS_UIUX_APPLICATION" finished-at="2020-12-24T07:41:26Z" duration-ms="70040">
    <groups>
    </groups>
    <test started-at="2020-12-24T07:40:16Z" name="CSS_JAVA_Regression_Suite" finished-at="2020-12-24T07:41:26Z" duration-ms="70040">
      <class name="support.RunTests">
        <test-method is-config="true" signature="setUp(java.lang.String, java.lang.String)[pri:0, instance:support.RunTests@765d7657]" started-at="2020-12-24T13:10:16Z" name="setUp" finished-at="2020-12-24T13:10:22Z" duration-ms="5963" status="PASS">
          <params>
            <param index="0">
              <value>
                <![CDATA[CH]]>
              </value>
            </param>
            <param index="1">
              <value>
                <![CDATA[./src/test/resources/testdata.xlsx]]>
              </value>
            </param>
          </params>
          <reporter-output>
          </reporter-output>
        </test-method> <!-- setUp -->
        <test-method signature="run()[pri:0, instance:support.RunTests@765d7657]" started-at="2020-12-24T13:10:22Z" name="run" finished-at="2020-12-24T13:11:26Z" duration-ms="64059" status="PASS">
          <reporter-output>
          </reporter-output>
        </test-method> <!-- run -->
        <test-method is-config="true" signature="tearDown()[pri:0, instance:support.RunTests@765d7657]" started-at="2020-12-24T13:11:26Z" name="tearDown" finished-at="2020-12-24T13:11:26Z" duration-ms="0" status="PASS">
          <reporter-output>
          </reporter-output>
        </test-method> <!-- tearDown -->
      </class> <!-- support.RunTests -->
    </test> <!-- CSS_JAVA_Regression_Suite -->
  </suite> <!-- CSS_UIUX_APPLICATION -->
</testng-results>
