<?xml version="1.0" encoding="UTF-8"?>
<testng-results total="1" passed="1" failed="0" skipped="0">
  <reporter-output>
  </reporter-output>
  <suite started-at="2021-01-07T12:26:30Z" name="CSS_UIUX_APPLICATION" finished-at="2021-01-07T12:49:52Z" duration-ms="1401675">
    <groups>
    </groups>
    <test started-at="2021-01-07T12:26:30Z" name="CSS_JAVA_Regression_Suite" finished-at="2021-01-07T12:49:52Z" duration-ms="1401675">
      <class name="support.RunTests">
        <test-method is-config="true" signature="setUp(java.lang.String, java.lang.String)[pri:0, instance:support.RunTests@3af9c5b7]" started-at="2021-01-07T17:56:30Z" name="setUp" finished-at="2021-01-07T17:56:38Z" duration-ms="7463" status="PASS">
          <params>
            <param index="0">
              <value>
                <![CDATA[CH]]>
              </value>
            </param>
            <param index="1">
              <value>
                <![CDATA[./src/test/resources/testdata.xlsx]]>
              </value>
            </param>
          </params>
          <reporter-output>
          </reporter-output>
        </test-method> <!-- setUp -->
        <test-method signature="run()[pri:0, instance:support.RunTests@3af9c5b7]" started-at="2021-01-07T17:56:38Z" name="run" finished-at="2021-01-07T18:19:52Z" duration-ms="1394182" status="PASS">
          <reporter-output>
          </reporter-output>
        </test-method> <!-- run -->
        <test-method is-config="true" signature="tearDown()[pri:0, instance:support.RunTests@3af9c5b7]" started-at="2021-01-07T18:19:52Z" name="tearDown" finished-at="2021-01-07T18:19:52Z" duration-ms="1" status="PASS">
          <reporter-output>
          </reporter-output>
        </test-method> <!-- tearDown -->
      </class> <!-- support.RunTests -->
    </test> <!-- CSS_JAVA_Regression_Suite -->
  </suite> <!-- CSS_UIUX_APPLICATION -->
</testng-results>
