<?xml version="1.0" encoding="UTF-8"?>
<testng-results total="1" passed="1" failed="0" skipped="0">
  <reporter-output>
  </reporter-output>
  <suite started-at="2020-12-24T09:13:35Z" name="CSS_UIUX_APPLICATION" finished-at="2020-12-24T09:14:46Z" duration-ms="70248">
    <groups>
    </groups>
    <test started-at="2020-12-24T09:13:35Z" name="CSS_JAVA_Regression_Suite" finished-at="2020-12-24T09:14:46Z" duration-ms="70248">
      <class name="support.RunTests">
        <test-method is-config="true" signature="setUp(java.lang.String, java.lang.String)[pri:0, instance:support.RunTests@3af9c5b7]" started-at="2020-12-24T14:43:35Z" name="setUp" finished-at="2020-12-24T14:43:42Z" duration-ms="6896" status="PASS">
          <params>
            <param index="0">
              <value>
                <![CDATA[CH]]>
              </value>
            </param>
            <param index="1">
              <value>
                <![CDATA[./src/test/resources/testdata.xlsx]]>
              </value>
            </param>
          </params>
          <reporter-output>
          </reporter-output>
        </test-method> <!-- setUp -->
        <test-method signature="run()[pri:0, instance:support.RunTests@3af9c5b7]" started-at="2020-12-24T14:43:42Z" name="run" finished-at="2020-12-24T14:44:46Z" duration-ms="63339" status="PASS">
          <reporter-output>
          </reporter-output>
        </test-method> <!-- run -->
        <test-method is-config="true" signature="tearDown()[pri:0, instance:support.RunTests@3af9c5b7]" started-at="2020-12-24T14:44:46Z" name="tearDown" finished-at="2020-12-24T14:44:46Z" duration-ms="0" status="PASS">
          <reporter-output>
          </reporter-output>
        </test-method> <!-- tearDown -->
      </class> <!-- support.RunTests -->
    </test> <!-- CSS_JAVA_Regression_Suite -->
  </suite> <!-- CSS_UIUX_APPLICATION -->
</testng-results>
